<?xml version="1.0" encoding="UTF-8"?>
<!-- Generated by org.testng.reporters.JUnitReportReporter -->
<testsuite hostname="ANZPC-4246Q32" name="tests.BookCreaterTests" tests="1" failures="0" timestamp="19 Sep 2016 02:20:27 GMT" time="2.545" errors="0">
  <testcase name="bookCreaterTest" time="2.545" classname="tests.BookCreaterTests"/>
</testsuite> <!-- tests.BookCreaterTests -->
